#-----------------------------------------------------------
# Vivado v2018.3 (64-bit)
# SW Build 2405991 on Thu Dec  6 23:38:27 MST 2018
# IP Build 2404404 on Fri Dec  7 01:43:56 MST 2018
# Start of session at: Mon Oct 21 15:24:46 2024
# Process ID: 14844
# Current directory: C:/Users/Ali/Pictures/Xilinx/pong_game/mine_made/7seg
# Command line: vivado.exe -gui_launcher_event rodinguilauncherevent5096 C:\Users\Ali\Pictures\Xilinx\pong_game\mine_made\7seg\project_1.xpr
# Log file: C:/Users/Ali/Pictures/Xilinx/pong_game/mine_made/7seg/vivado.log
# Journal file: C:/Users/Ali/Pictures/Xilinx/pong_game/mine_made/7seg\vivado.jou
#-----------------------------------------------------------
start_gui
open_project C:/Users/Ali/Pictures/Xilinx/pong_game/mine_made/7seg/project_1.xpr
Scanning sources...
Finished scanning sources
INFO: [IP_Flow 19-234] Refreshing IP repositories
INFO: [IP_Flow 19-1704] No user IP repositories specified
INFO: [IP_Flow 19-2313] Loaded Vivado IP repository 'C:/Xilinx/Vivado/2018.3/data/ip'.
open_project: Time (s): cpu = 00:00:13 ; elapsed = 00:00:06 . Memory (MB): peak = 850.180 ; gain = 159.297
update_compile_order -fileset sources_1
