Copyright 1986-2018 Xilinx, Inc. All Rights Reserved.
--------------------------------------------------------------------------------------------------------------------------------------------------------------------------------------
| Tool Version : Vivado v.2018.3 (win64) Build 2405991 Thu Dec  6 23:38:27 MST 2018
| Date         : Mon Oct 21 16:45:24 2024
| Host         : DESKTOP-3BUOSR2 running 64-bit major release  (build 9200)
| Command      : report_methodology -file design_1_wrapper_methodology_drc_routed.rpt -pb design_1_wrapper_methodology_drc_routed.pb -rpx design_1_wrapper_methodology_drc_routed.rpx
| Design       : design_1_wrapper
| Device       : xc7a35tcpg236-1
| Speed File   : -1
| Design State : Fully Routed
--------------------------------------------------------------------------------------------------------------------------------------------------------------------------------------

Report Methodology

Table of Contents
-----------------
1. REPORT SUMMARY
2. REPORT DETAILS

1. REPORT SUMMARY
-----------------
            Netlist: netlist
          Floorplan: design_1
      Design limits: <entire design considered>
             Max violations: <unlimited>
             Violations found: 251
+-----------+----------+-------------------------------------------+------------+
| Rule      | Severity | Description                               | Violations |
+-----------+----------+-------------------------------------------+------------+
| LUTAR-1   | Warning  | LUT drives async reset alert              | 1          |
| TIMING-9  | Warning  | Unknown CDC Logic                         | 1          |
| TIMING-17 | Warning  | Non-clocked sequential cell               | 242        |
| TIMING-18 | Warning  | Missing input or output delay             | 6          |
| TIMING-27 | Warning  | Invalid primary clock on hierarchical pin | 1          |
+-----------+----------+-------------------------------------------+------------+

2. REPORT DETAILS
-----------------
LUTAR-1#1 Warning
LUT drives async reset alert  
LUT cell design_1_i/mdm_1/U0/MDM_Core_I1/JTAG_CONTROL_I/sel_n_i_2, with 2 or more inputs, drives asynchronous preset/clear pin(s) design_1_i/mdm_1/U0/MDM_Core_I1/JTAG_CONTROL_I/sel_n_reg/PRE. The LUT may glitch and trigger an unexpected reset, even if it is a properly timed path.
Related violations: <none>

TIMING-9#1 Warning
Unknown CDC Logic  
One or more asynchronous Clock Domain Crossing has been detected between 2 clock domains through a set_false_path or a set_clock_groups or set_max_delay -datapath_only constraint but no double-registers logic synchronizer has been found on the side of the capture clock. It is recommended to run report_cdc for a complete and detailed CDC coverage. Please consider using XPM_CDC to avoid Critical severities
Related violations: <none>

TIMING-17#1 Warning
Non-clocked sequential cell  
The clock pin design_1_i/input_controller_0/U0/btn_counter_down_reg[0]/C is not reached by a timing clock
Related violations: <none>

TIMING-17#2 Warning
Non-clocked sequential cell  
The clock pin design_1_i/input_controller_0/U0/btn_counter_down_reg[10]/C is not reached by a timing clock
Related violations: <none>

TIMING-17#3 Warning
Non-clocked sequential cell  
The clock pin design_1_i/input_controller_0/U0/btn_counter_down_reg[11]/C is not reached by a timing clock
Related violations: <none>

TIMING-17#4 Warning
Non-clocked sequential cell  
The clock pin design_1_i/input_controller_0/U0/btn_counter_down_reg[12]/C is not reached by a timing clock
Related violations: <none>

TIMING-17#5 Warning
Non-clocked sequential cell  
The clock pin design_1_i/input_controller_0/U0/btn_counter_down_reg[13]/C is not reached by a timing clock
Related violations: <none>

TIMING-17#6 Warning
Non-clocked sequential cell  
The clock pin design_1_i/input_controller_0/U0/btn_counter_down_reg[14]/C is not reached by a timing clock
Related violations: <none>

TIMING-17#7 Warning
Non-clocked sequential cell  
The clock pin design_1_i/input_controller_0/U0/btn_counter_down_reg[15]/C is not reached by a timing clock
Related violations: <none>

TIMING-17#8 Warning
Non-clocked sequential cell  
The clock pin design_1_i/input_controller_0/U0/btn_counter_down_reg[16]/C is not reached by a timing clock
Related violations: <none>

TIMING-17#9 Warning
Non-clocked sequential cell  
The clock pin design_1_i/input_controller_0/U0/btn_counter_down_reg[17]/C is not reached by a timing clock
Related violations: <none>

TIMING-17#10 Warning
Non-clocked sequential cell  
The clock pin design_1_i/input_controller_0/U0/btn_counter_down_reg[18]/C is not reached by a timing clock
Related violations: <none>

TIMING-17#11 Warning
Non-clocked sequential cell  
The clock pin design_1_i/input_controller_0/U0/btn_counter_down_reg[19]/C is not reached by a timing clock
Related violations: <none>

TIMING-17#12 Warning
Non-clocked sequential cell  
The clock pin design_1_i/input_controller_0/U0/btn_counter_down_reg[1]/C is not reached by a timing clock
Related violations: <none>

TIMING-17#13 Warning
Non-clocked sequential cell  
The clock pin design_1_i/input_controller_0/U0/btn_counter_down_reg[20]/C is not reached by a timing clock
Related violations: <none>

TIMING-17#14 Warning
Non-clocked sequential cell  
The clock pin design_1_i/input_controller_0/U0/btn_counter_down_reg[21]/C is not reached by a timing clock
Related violations: <none>

TIMING-17#15 Warning
Non-clocked sequential cell  
The clock pin design_1_i/input_controller_0/U0/btn_counter_down_reg[22]/C is not reached by a timing clock
Related violations: <none>

TIMING-17#16 Warning
Non-clocked sequential cell  
The clock pin design_1_i/input_controller_0/U0/btn_counter_down_reg[23]/C is not reached by a timing clock
Related violations: <none>

TIMING-17#17 Warning
Non-clocked sequential cell  
The clock pin design_1_i/input_controller_0/U0/btn_counter_down_reg[24]/C is not reached by a timing clock
Related violations: <none>

TIMING-17#18 Warning
Non-clocked sequential cell  
The clock pin design_1_i/input_controller_0/U0/btn_counter_down_reg[25]/C is not reached by a timing clock
Related violations: <none>

TIMING-17#19 Warning
Non-clocked sequential cell  
The clock pin design_1_i/input_controller_0/U0/btn_counter_down_reg[26]/C is not reached by a timing clock
Related violations: <none>

TIMING-17#20 Warning
Non-clocked sequential cell  
The clock pin design_1_i/input_controller_0/U0/btn_counter_down_reg[27]/C is not reached by a timing clock
Related violations: <none>

TIMING-17#21 Warning
Non-clocked sequential cell  
The clock pin design_1_i/input_controller_0/U0/btn_counter_down_reg[28]/C is not reached by a timing clock
Related violations: <none>

TIMING-17#22 Warning
Non-clocked sequential cell  
The clock pin design_1_i/input_controller_0/U0/btn_counter_down_reg[29]/C is not reached by a timing clock
Related violations: <none>

TIMING-17#23 Warning
Non-clocked sequential cell  
The clock pin design_1_i/input_controller_0/U0/btn_counter_down_reg[2]/C is not reached by a timing clock
Related violations: <none>

TIMING-17#24 Warning
Non-clocked sequential cell  
The clock pin design_1_i/input_controller_0/U0/btn_counter_down_reg[30]/C is not reached by a timing clock
Related violations: <none>

TIMING-17#25 Warning
Non-clocked sequential cell  
The clock pin design_1_i/input_controller_0/U0/btn_counter_down_reg[31]/C is not reached by a timing clock
Related violations: <none>

TIMING-17#26 Warning
Non-clocked sequential cell  
The clock pin design_1_i/input_controller_0/U0/btn_counter_down_reg[3]/C is not reached by a timing clock
Related violations: <none>

TIMING-17#27 Warning
Non-clocked sequential cell  
The clock pin design_1_i/input_controller_0/U0/btn_counter_down_reg[4]/C is not reached by a timing clock
Related violations: <none>

TIMING-17#28 Warning
Non-clocked sequential cell  
The clock pin design_1_i/input_controller_0/U0/btn_counter_down_reg[5]/C is not reached by a timing clock
Related violations: <none>

TIMING-17#29 Warning
Non-clocked sequential cell  
The clock pin design_1_i/input_controller_0/U0/btn_counter_down_reg[6]/C is not reached by a timing clock
Related violations: <none>

TIMING-17#30 Warning
Non-clocked sequential cell  
The clock pin design_1_i/input_controller_0/U0/btn_counter_down_reg[7]/C is not reached by a timing clock
Related violations: <none>

TIMING-17#31 Warning
Non-clocked sequential cell  
The clock pin design_1_i/input_controller_0/U0/btn_counter_down_reg[8]/C is not reached by a timing clock
Related violations: <none>

TIMING-17#32 Warning
Non-clocked sequential cell  
The clock pin design_1_i/input_controller_0/U0/btn_counter_down_reg[9]/C is not reached by a timing clock
Related violations: <none>

TIMING-17#33 Warning
Non-clocked sequential cell  
The clock pin design_1_i/input_controller_0/U0/btn_counter_up_reg[0]/C is not reached by a timing clock
Related violations: <none>

TIMING-17#34 Warning
Non-clocked sequential cell  
The clock pin design_1_i/input_controller_0/U0/btn_counter_up_reg[10]/C is not reached by a timing clock
Related violations: <none>

TIMING-17#35 Warning
Non-clocked sequential cell  
The clock pin design_1_i/input_controller_0/U0/btn_counter_up_reg[11]/C is not reached by a timing clock
Related violations: <none>

TIMING-17#36 Warning
Non-clocked sequential cell  
The clock pin design_1_i/input_controller_0/U0/btn_counter_up_reg[12]/C is not reached by a timing clock
Related violations: <none>

TIMING-17#37 Warning
Non-clocked sequential cell  
The clock pin design_1_i/input_controller_0/U0/btn_counter_up_reg[13]/C is not reached by a timing clock
Related violations: <none>

TIMING-17#38 Warning
Non-clocked sequential cell  
The clock pin design_1_i/input_controller_0/U0/btn_counter_up_reg[14]/C is not reached by a timing clock
Related violations: <none>

TIMING-17#39 Warning
Non-clocked sequential cell  
The clock pin design_1_i/input_controller_0/U0/btn_counter_up_reg[15]/C is not reached by a timing clock
Related violations: <none>

TIMING-17#40 Warning
Non-clocked sequential cell  
The clock pin design_1_i/input_controller_0/U0/btn_counter_up_reg[16]/C is not reached by a timing clock
Related violations: <none>

TIMING-17#41 Warning
Non-clocked sequential cell  
The clock pin design_1_i/input_controller_0/U0/btn_counter_up_reg[17]/C is not reached by a timing clock
Related violations: <none>

TIMING-17#42 Warning
Non-clocked sequential cell  
The clock pin design_1_i/input_controller_0/U0/btn_counter_up_reg[18]/C is not reached by a timing clock
Related violations: <none>

TIMING-17#43 Warning
Non-clocked sequential cell  
The clock pin design_1_i/input_controller_0/U0/btn_counter_up_reg[19]/C is not reached by a timing clock
Related violations: <none>

TIMING-17#44 Warning
Non-clocked sequential cell  
The clock pin design_1_i/input_controller_0/U0/btn_counter_up_reg[1]/C is not reached by a timing clock
Related violations: <none>

TIMING-17#45 Warning
Non-clocked sequential cell  
The clock pin design_1_i/input_controller_0/U0/btn_counter_up_reg[20]/C is not reached by a timing clock
Related violations: <none>

TIMING-17#46 Warning
Non-clocked sequential cell  
The clock pin design_1_i/input_controller_0/U0/btn_counter_up_reg[21]/C is not reached by a timing clock
Related violations: <none>

TIMING-17#47 Warning
Non-clocked sequential cell  
The clock pin design_1_i/input_controller_0/U0/btn_counter_up_reg[22]/C is not reached by a timing clock
Related violations: <none>

TIMING-17#48 Warning
Non-clocked sequential cell  
The clock pin design_1_i/input_controller_0/U0/btn_counter_up_reg[23]/C is not reached by a timing clock
Related violations: <none>

TIMING-17#49 Warning
Non-clocked sequential cell  
The clock pin design_1_i/input_controller_0/U0/btn_counter_up_reg[24]/C is not reached by a timing clock
Related violations: <none>

TIMING-17#50 Warning
Non-clocked sequential cell  
The clock pin design_1_i/input_controller_0/U0/btn_counter_up_reg[25]/C is not reached by a timing clock
Related violations: <none>

TIMING-17#51 Warning
Non-clocked sequential cell  
The clock pin design_1_i/input_controller_0/U0/btn_counter_up_reg[26]/C is not reached by a timing clock
Related violations: <none>

TIMING-17#52 Warning
Non-clocked sequential cell  
The clock pin design_1_i/input_controller_0/U0/btn_counter_up_reg[27]/C is not reached by a timing clock
Related violations: <none>

TIMING-17#53 Warning
Non-clocked sequential cell  
The clock pin design_1_i/input_controller_0/U0/btn_counter_up_reg[28]/C is not reached by a timing clock
Related violations: <none>

TIMING-17#54 Warning
Non-clocked sequential cell  
The clock pin design_1_i/input_controller_0/U0/btn_counter_up_reg[29]/C is not reached by a timing clock
Related violations: <none>

TIMING-17#55 Warning
Non-clocked sequential cell  
The clock pin design_1_i/input_controller_0/U0/btn_counter_up_reg[2]/C is not reached by a timing clock
Related violations: <none>

TIMING-17#56 Warning
Non-clocked sequential cell  
The clock pin design_1_i/input_controller_0/U0/btn_counter_up_reg[30]/C is not reached by a timing clock
Related violations: <none>

TIMING-17#57 Warning
Non-clocked sequential cell  
The clock pin design_1_i/input_controller_0/U0/btn_counter_up_reg[31]/C is not reached by a timing clock
Related violations: <none>

TIMING-17#58 Warning
Non-clocked sequential cell  
The clock pin design_1_i/input_controller_0/U0/btn_counter_up_reg[3]/C is not reached by a timing clock
Related violations: <none>

TIMING-17#59 Warning
Non-clocked sequential cell  
The clock pin design_1_i/input_controller_0/U0/btn_counter_up_reg[4]/C is not reached by a timing clock
Related violations: <none>

TIMING-17#60 Warning
Non-clocked sequential cell  
The clock pin design_1_i/input_controller_0/U0/btn_counter_up_reg[5]/C is not reached by a timing clock
Related violations: <none>

TIMING-17#61 Warning
Non-clocked sequential cell  
The clock pin design_1_i/input_controller_0/U0/btn_counter_up_reg[6]/C is not reached by a timing clock
Related violations: <none>

TIMING-17#62 Warning
Non-clocked sequential cell  
The clock pin design_1_i/input_controller_0/U0/btn_counter_up_reg[7]/C is not reached by a timing clock
Related violations: <none>

TIMING-17#63 Warning
Non-clocked sequential cell  
The clock pin design_1_i/input_controller_0/U0/btn_counter_up_reg[8]/C is not reached by a timing clock
Related violations: <none>

TIMING-17#64 Warning
Non-clocked sequential cell  
The clock pin design_1_i/input_controller_0/U0/btn_counter_up_reg[9]/C is not reached by a timing clock
Related violations: <none>

TIMING-17#65 Warning
Non-clocked sequential cell  
The clock pin design_1_i/input_controller_0/U0/pos_reg[0]/C is not reached by a timing clock
Related violations: <none>

TIMING-17#66 Warning
Non-clocked sequential cell  
The clock pin design_1_i/input_controller_0/U0/pos_reg[1]/C is not reached by a timing clock
Related violations: <none>

TIMING-17#67 Warning
Non-clocked sequential cell  
The clock pin design_1_i/input_controller_0/U0/pos_reg[2]/C is not reached by a timing clock
Related violations: <none>

TIMING-17#68 Warning
Non-clocked sequential cell  
The clock pin design_1_i/input_controller_0/U0/pos_reg[3]/C is not reached by a timing clock
Related violations: <none>

TIMING-17#69 Warning
Non-clocked sequential cell  
The clock pin design_1_i/input_controller_0/U0/pos_reg[4]/C is not reached by a timing clock
Related violations: <none>

TIMING-17#70 Warning
Non-clocked sequential cell  
The clock pin design_1_i/input_controller_0/U0/pos_reg[5]/C is not reached by a timing clock
Related violations: <none>

TIMING-17#71 Warning
Non-clocked sequential cell  
The clock pin design_1_i/input_controller_0/U0/pos_reg[6]/C is not reached by a timing clock
Related violations: <none>

TIMING-17#72 Warning
Non-clocked sequential cell  
The clock pin design_1_i/input_controller_0/U0/pos_reg[7]/C is not reached by a timing clock
Related violations: <none>

TIMING-17#73 Warning
Non-clocked sequential cell  
The clock pin design_1_i/input_controller_0/U0/pos_reg[8]/C is not reached by a timing clock
Related violations: <none>

TIMING-17#74 Warning
Non-clocked sequential cell  
The clock pin design_1_i/input_controller_1/U0/btn_counter_down_reg[0]/C is not reached by a timing clock
Related violations: <none>

TIMING-17#75 Warning
Non-clocked sequential cell  
The clock pin design_1_i/input_controller_1/U0/btn_counter_down_reg[10]/C is not reached by a timing clock
Related violations: <none>

TIMING-17#76 Warning
Non-clocked sequential cell  
The clock pin design_1_i/input_controller_1/U0/btn_counter_down_reg[11]/C is not reached by a timing clock
Related violations: <none>

TIMING-17#77 Warning
Non-clocked sequential cell  
The clock pin design_1_i/input_controller_1/U0/btn_counter_down_reg[12]/C is not reached by a timing clock
Related violations: <none>

TIMING-17#78 Warning
Non-clocked sequential cell  
The clock pin design_1_i/input_controller_1/U0/btn_counter_down_reg[13]/C is not reached by a timing clock
Related violations: <none>

TIMING-17#79 Warning
Non-clocked sequential cell  
The clock pin design_1_i/input_controller_1/U0/btn_counter_down_reg[14]/C is not reached by a timing clock
Related violations: <none>

TIMING-17#80 Warning
Non-clocked sequential cell  
The clock pin design_1_i/input_controller_1/U0/btn_counter_down_reg[15]/C is not reached by a timing clock
Related violations: <none>

TIMING-17#81 Warning
Non-clocked sequential cell  
The clock pin design_1_i/input_controller_1/U0/btn_counter_down_reg[16]/C is not reached by a timing clock
Related violations: <none>

TIMING-17#82 Warning
Non-clocked sequential cell  
The clock pin design_1_i/input_controller_1/U0/btn_counter_down_reg[17]/C is not reached by a timing clock
Related violations: <none>

TIMING-17#83 Warning
Non-clocked sequential cell  
The clock pin design_1_i/input_controller_1/U0/btn_counter_down_reg[18]/C is not reached by a timing clock
Related violations: <none>

TIMING-17#84 Warning
Non-clocked sequential cell  
The clock pin design_1_i/input_controller_1/U0/btn_counter_down_reg[19]/C is not reached by a timing clock
Related violations: <none>

TIMING-17#85 Warning
Non-clocked sequential cell  
The clock pin design_1_i/input_controller_1/U0/btn_counter_down_reg[1]/C is not reached by a timing clock
Related violations: <none>

TIMING-17#86 Warning
Non-clocked sequential cell  
The clock pin design_1_i/input_controller_1/U0/btn_counter_down_reg[20]/C is not reached by a timing clock
Related violations: <none>

TIMING-17#87 Warning
Non-clocked sequential cell  
The clock pin design_1_i/input_controller_1/U0/btn_counter_down_reg[21]/C is not reached by a timing clock
Related violations: <none>

TIMING-17#88 Warning
Non-clocked sequential cell  
The clock pin design_1_i/input_controller_1/U0/btn_counter_down_reg[22]/C is not reached by a timing clock
Related violations: <none>

TIMING-17#89 Warning
Non-clocked sequential cell  
The clock pin design_1_i/input_controller_1/U0/btn_counter_down_reg[23]/C is not reached by a timing clock
Related violations: <none>

TIMING-17#90 Warning
Non-clocked sequential cell  
The clock pin design_1_i/input_controller_1/U0/btn_counter_down_reg[24]/C is not reached by a timing clock
Related violations: <none>

TIMING-17#91 Warning
Non-clocked sequential cell  
The clock pin design_1_i/input_controller_1/U0/btn_counter_down_reg[25]/C is not reached by a timing clock
Related violations: <none>

TIMING-17#92 Warning
Non-clocked sequential cell  
The clock pin design_1_i/input_controller_1/U0/btn_counter_down_reg[26]/C is not reached by a timing clock
Related violations: <none>

TIMING-17#93 Warning
Non-clocked sequential cell  
The clock pin design_1_i/input_controller_1/U0/btn_counter_down_reg[27]/C is not reached by a timing clock
Related violations: <none>

TIMING-17#94 Warning
Non-clocked sequential cell  
The clock pin design_1_i/input_controller_1/U0/btn_counter_down_reg[28]/C is not reached by a timing clock
Related violations: <none>

TIMING-17#95 Warning
Non-clocked sequential cell  
The clock pin design_1_i/input_controller_1/U0/btn_counter_down_reg[29]/C is not reached by a timing clock
Related violations: <none>

TIMING-17#96 Warning
Non-clocked sequential cell  
The clock pin design_1_i/input_controller_1/U0/btn_counter_down_reg[2]/C is not reached by a timing clock
Related violations: <none>

TIMING-17#97 Warning
Non-clocked sequential cell  
The clock pin design_1_i/input_controller_1/U0/btn_counter_down_reg[30]/C is not reached by a timing clock
Related violations: <none>

TIMING-17#98 Warning
Non-clocked sequential cell  
The clock pin design_1_i/input_controller_1/U0/btn_counter_down_reg[31]/C is not reached by a timing clock
Related violations: <none>

TIMING-17#99 Warning
Non-clocked sequential cell  
The clock pin design_1_i/input_controller_1/U0/btn_counter_down_reg[3]/C is not reached by a timing clock
Related violations: <none>

TIMING-17#100 Warning
Non-clocked sequential cell  
The clock pin design_1_i/input_controller_1/U0/btn_counter_down_reg[4]/C is not reached by a timing clock
Related violations: <none>

TIMING-17#101 Warning
Non-clocked sequential cell  
The clock pin design_1_i/input_controller_1/U0/btn_counter_down_reg[5]/C is not reached by a timing clock
Related violations: <none>

TIMING-17#102 Warning
Non-clocked sequential cell  
The clock pin design_1_i/input_controller_1/U0/btn_counter_down_reg[6]/C is not reached by a timing clock
Related violations: <none>

TIMING-17#103 Warning
Non-clocked sequential cell  
The clock pin design_1_i/input_controller_1/U0/btn_counter_down_reg[7]/C is not reached by a timing clock
Related violations: <none>

TIMING-17#104 Warning
Non-clocked sequential cell  
The clock pin design_1_i/input_controller_1/U0/btn_counter_down_reg[8]/C is not reached by a timing clock
Related violations: <none>

TIMING-17#105 Warning
Non-clocked sequential cell  
The clock pin design_1_i/input_controller_1/U0/btn_counter_down_reg[9]/C is not reached by a timing clock
Related violations: <none>

TIMING-17#106 Warning
Non-clocked sequential cell  
The clock pin design_1_i/input_controller_1/U0/btn_counter_up_reg[0]/C is not reached by a timing clock
Related violations: <none>

TIMING-17#107 Warning
Non-clocked sequential cell  
The clock pin design_1_i/input_controller_1/U0/btn_counter_up_reg[10]/C is not reached by a timing clock
Related violations: <none>

TIMING-17#108 Warning
Non-clocked sequential cell  
The clock pin design_1_i/input_controller_1/U0/btn_counter_up_reg[11]/C is not reached by a timing clock
Related violations: <none>

TIMING-17#109 Warning
Non-clocked sequential cell  
The clock pin design_1_i/input_controller_1/U0/btn_counter_up_reg[12]/C is not reached by a timing clock
Related violations: <none>

TIMING-17#110 Warning
Non-clocked sequential cell  
The clock pin design_1_i/input_controller_1/U0/btn_counter_up_reg[13]/C is not reached by a timing clock
Related violations: <none>

TIMING-17#111 Warning
Non-clocked sequential cell  
The clock pin design_1_i/input_controller_1/U0/btn_counter_up_reg[14]/C is not reached by a timing clock
Related violations: <none>

TIMING-17#112 Warning
Non-clocked sequential cell  
The clock pin design_1_i/input_controller_1/U0/btn_counter_up_reg[15]/C is not reached by a timing clock
Related violations: <none>

TIMING-17#113 Warning
Non-clocked sequential cell  
The clock pin design_1_i/input_controller_1/U0/btn_counter_up_reg[16]/C is not reached by a timing clock
Related violations: <none>

TIMING-17#114 Warning
Non-clocked sequential cell  
The clock pin design_1_i/input_controller_1/U0/btn_counter_up_reg[17]/C is not reached by a timing clock
Related violations: <none>

TIMING-17#115 Warning
Non-clocked sequential cell  
The clock pin design_1_i/input_controller_1/U0/btn_counter_up_reg[18]/C is not reached by a timing clock
Related violations: <none>

TIMING-17#116 Warning
Non-clocked sequential cell  
The clock pin design_1_i/input_controller_1/U0/btn_counter_up_reg[19]/C is not reached by a timing clock
Related violations: <none>

TIMING-17#117 Warning
Non-clocked sequential cell  
The clock pin design_1_i/input_controller_1/U0/btn_counter_up_reg[1]/C is not reached by a timing clock
Related violations: <none>

TIMING-17#118 Warning
Non-clocked sequential cell  
The clock pin design_1_i/input_controller_1/U0/btn_counter_up_reg[20]/C is not reached by a timing clock
Related violations: <none>

TIMING-17#119 Warning
Non-clocked sequential cell  
The clock pin design_1_i/input_controller_1/U0/btn_counter_up_reg[21]/C is not reached by a timing clock
Related violations: <none>

TIMING-17#120 Warning
Non-clocked sequential cell  
The clock pin design_1_i/input_controller_1/U0/btn_counter_up_reg[22]/C is not reached by a timing clock
Related violations: <none>

TIMING-17#121 Warning
Non-clocked sequential cell  
The clock pin design_1_i/input_controller_1/U0/btn_counter_up_reg[23]/C is not reached by a timing clock
Related violations: <none>

TIMING-17#122 Warning
Non-clocked sequential cell  
The clock pin design_1_i/input_controller_1/U0/btn_counter_up_reg[24]/C is not reached by a timing clock
Related violations: <none>

TIMING-17#123 Warning
Non-clocked sequential cell  
The clock pin design_1_i/input_controller_1/U0/btn_counter_up_reg[25]/C is not reached by a timing clock
Related violations: <none>

TIMING-17#124 Warning
Non-clocked sequential cell  
The clock pin design_1_i/input_controller_1/U0/btn_counter_up_reg[26]/C is not reached by a timing clock
Related violations: <none>

TIMING-17#125 Warning
Non-clocked sequential cell  
The clock pin design_1_i/input_controller_1/U0/btn_counter_up_reg[27]/C is not reached by a timing clock
Related violations: <none>

TIMING-17#126 Warning
Non-clocked sequential cell  
The clock pin design_1_i/input_controller_1/U0/btn_counter_up_reg[28]/C is not reached by a timing clock
Related violations: <none>

TIMING-17#127 Warning
Non-clocked sequential cell  
The clock pin design_1_i/input_controller_1/U0/btn_counter_up_reg[29]/C is not reached by a timing clock
Related violations: <none>

TIMING-17#128 Warning
Non-clocked sequential cell  
The clock pin design_1_i/input_controller_1/U0/btn_counter_up_reg[2]/C is not reached by a timing clock
Related violations: <none>

TIMING-17#129 Warning
Non-clocked sequential cell  
The clock pin design_1_i/input_controller_1/U0/btn_counter_up_reg[30]/C is not reached by a timing clock
Related violations: <none>

TIMING-17#130 Warning
Non-clocked sequential cell  
The clock pin design_1_i/input_controller_1/U0/btn_counter_up_reg[31]/C is not reached by a timing clock
Related violations: <none>

TIMING-17#131 Warning
Non-clocked sequential cell  
The clock pin design_1_i/input_controller_1/U0/btn_counter_up_reg[3]/C is not reached by a timing clock
Related violations: <none>

TIMING-17#132 Warning
Non-clocked sequential cell  
The clock pin design_1_i/input_controller_1/U0/btn_counter_up_reg[4]/C is not reached by a timing clock
Related violations: <none>

TIMING-17#133 Warning
Non-clocked sequential cell  
The clock pin design_1_i/input_controller_1/U0/btn_counter_up_reg[5]/C is not reached by a timing clock
Related violations: <none>

TIMING-17#134 Warning
Non-clocked sequential cell  
The clock pin design_1_i/input_controller_1/U0/btn_counter_up_reg[6]/C is not reached by a timing clock
Related violations: <none>

TIMING-17#135 Warning
Non-clocked sequential cell  
The clock pin design_1_i/input_controller_1/U0/btn_counter_up_reg[7]/C is not reached by a timing clock
Related violations: <none>

TIMING-17#136 Warning
Non-clocked sequential cell  
The clock pin design_1_i/input_controller_1/U0/btn_counter_up_reg[8]/C is not reached by a timing clock
Related violations: <none>

TIMING-17#137 Warning
Non-clocked sequential cell  
The clock pin design_1_i/input_controller_1/U0/btn_counter_up_reg[9]/C is not reached by a timing clock
Related violations: <none>

TIMING-17#138 Warning
Non-clocked sequential cell  
The clock pin design_1_i/input_controller_1/U0/pos_reg[0]/C is not reached by a timing clock
Related violations: <none>

TIMING-17#139 Warning
Non-clocked sequential cell  
The clock pin design_1_i/input_controller_1/U0/pos_reg[1]/C is not reached by a timing clock
Related violations: <none>

TIMING-17#140 Warning
Non-clocked sequential cell  
The clock pin design_1_i/input_controller_1/U0/pos_reg[2]/C is not reached by a timing clock
Related violations: <none>

TIMING-17#141 Warning
Non-clocked sequential cell  
The clock pin design_1_i/input_controller_1/U0/pos_reg[3]/C is not reached by a timing clock
Related violations: <none>

TIMING-17#142 Warning
Non-clocked sequential cell  
The clock pin design_1_i/input_controller_1/U0/pos_reg[4]/C is not reached by a timing clock
Related violations: <none>

TIMING-17#143 Warning
Non-clocked sequential cell  
The clock pin design_1_i/input_controller_1/U0/pos_reg[5]/C is not reached by a timing clock
Related violations: <none>

TIMING-17#144 Warning
Non-clocked sequential cell  
The clock pin design_1_i/input_controller_1/U0/pos_reg[6]/C is not reached by a timing clock
Related violations: <none>

TIMING-17#145 Warning
Non-clocked sequential cell  
The clock pin design_1_i/input_controller_1/U0/pos_reg[7]/C is not reached by a timing clock
Related violations: <none>

TIMING-17#146 Warning
Non-clocked sequential cell  
The clock pin design_1_i/input_controller_1/U0/pos_reg[8]/C is not reached by a timing clock
Related violations: <none>

TIMING-17#147 Warning
Non-clocked sequential cell  
The clock pin design_1_i/score_7seg_0/U0/an_reg[0]/C is not reached by a timing clock
Related violations: <none>

TIMING-17#148 Warning
Non-clocked sequential cell  
The clock pin design_1_i/score_7seg_0/U0/an_reg[1]/C is not reached by a timing clock
Related violations: <none>

TIMING-17#149 Warning
Non-clocked sequential cell  
The clock pin design_1_i/score_7seg_0/U0/an_reg[2]/C is not reached by a timing clock
Related violations: <none>

TIMING-17#150 Warning
Non-clocked sequential cell  
The clock pin design_1_i/score_7seg_0/U0/an_reg[3]/C is not reached by a timing clock
Related violations: <none>

TIMING-17#151 Warning
Non-clocked sequential cell  
The clock pin design_1_i/score_7seg_0/U0/clk_div_inst/clk_state_reg/C is not reached by a timing clock
Related violations: <none>

TIMING-17#152 Warning
Non-clocked sequential cell  
The clock pin design_1_i/score_7seg_0/U0/clk_div_inst/counter_reg[0]/C is not reached by a timing clock
Related violations: <none>

TIMING-17#153 Warning
Non-clocked sequential cell  
The clock pin design_1_i/score_7seg_0/U0/clk_div_inst/counter_reg[10]/C is not reached by a timing clock
Related violations: <none>

TIMING-17#154 Warning
Non-clocked sequential cell  
The clock pin design_1_i/score_7seg_0/U0/clk_div_inst/counter_reg[11]/C is not reached by a timing clock
Related violations: <none>

TIMING-17#155 Warning
Non-clocked sequential cell  
The clock pin design_1_i/score_7seg_0/U0/clk_div_inst/counter_reg[12]/C is not reached by a timing clock
Related violations: <none>

TIMING-17#156 Warning
Non-clocked sequential cell  
The clock pin design_1_i/score_7seg_0/U0/clk_div_inst/counter_reg[13]/C is not reached by a timing clock
Related violations: <none>

TIMING-17#157 Warning
Non-clocked sequential cell  
The clock pin design_1_i/score_7seg_0/U0/clk_div_inst/counter_reg[14]/C is not reached by a timing clock
Related violations: <none>

TIMING-17#158 Warning
Non-clocked sequential cell  
The clock pin design_1_i/score_7seg_0/U0/clk_div_inst/counter_reg[15]/C is not reached by a timing clock
Related violations: <none>

TIMING-17#159 Warning
Non-clocked sequential cell  
The clock pin design_1_i/score_7seg_0/U0/clk_div_inst/counter_reg[16]/C is not reached by a timing clock
Related violations: <none>

TIMING-17#160 Warning
Non-clocked sequential cell  
The clock pin design_1_i/score_7seg_0/U0/clk_div_inst/counter_reg[17]/C is not reached by a timing clock
Related violations: <none>

TIMING-17#161 Warning
Non-clocked sequential cell  
The clock pin design_1_i/score_7seg_0/U0/clk_div_inst/counter_reg[18]/C is not reached by a timing clock
Related violations: <none>

TIMING-17#162 Warning
Non-clocked sequential cell  
The clock pin design_1_i/score_7seg_0/U0/clk_div_inst/counter_reg[19]/C is not reached by a timing clock
Related violations: <none>

TIMING-17#163 Warning
Non-clocked sequential cell  
The clock pin design_1_i/score_7seg_0/U0/clk_div_inst/counter_reg[1]/C is not reached by a timing clock
Related violations: <none>

TIMING-17#164 Warning
Non-clocked sequential cell  
The clock pin design_1_i/score_7seg_0/U0/clk_div_inst/counter_reg[20]/C is not reached by a timing clock
Related violations: <none>

TIMING-17#165 Warning
Non-clocked sequential cell  
The clock pin design_1_i/score_7seg_0/U0/clk_div_inst/counter_reg[21]/C is not reached by a timing clock
Related violations: <none>

TIMING-17#166 Warning
Non-clocked sequential cell  
The clock pin design_1_i/score_7seg_0/U0/clk_div_inst/counter_reg[22]/C is not reached by a timing clock
Related violations: <none>

TIMING-17#167 Warning
Non-clocked sequential cell  
The clock pin design_1_i/score_7seg_0/U0/clk_div_inst/counter_reg[23]/C is not reached by a timing clock
Related violations: <none>

TIMING-17#168 Warning
Non-clocked sequential cell  
The clock pin design_1_i/score_7seg_0/U0/clk_div_inst/counter_reg[24]/C is not reached by a timing clock
Related violations: <none>

TIMING-17#169 Warning
Non-clocked sequential cell  
The clock pin design_1_i/score_7seg_0/U0/clk_div_inst/counter_reg[25]/C is not reached by a timing clock
Related violations: <none>

TIMING-17#170 Warning
Non-clocked sequential cell  
The clock pin design_1_i/score_7seg_0/U0/clk_div_inst/counter_reg[26]/C is not reached by a timing clock
Related violations: <none>

TIMING-17#171 Warning
Non-clocked sequential cell  
The clock pin design_1_i/score_7seg_0/U0/clk_div_inst/counter_reg[27]/C is not reached by a timing clock
Related violations: <none>

TIMING-17#172 Warning
Non-clocked sequential cell  
The clock pin design_1_i/score_7seg_0/U0/clk_div_inst/counter_reg[28]/C is not reached by a timing clock
Related violations: <none>

TIMING-17#173 Warning
Non-clocked sequential cell  
The clock pin design_1_i/score_7seg_0/U0/clk_div_inst/counter_reg[29]/C is not reached by a timing clock
Related violations: <none>

TIMING-17#174 Warning
Non-clocked sequential cell  
The clock pin design_1_i/score_7seg_0/U0/clk_div_inst/counter_reg[2]/C is not reached by a timing clock
Related violations: <none>

TIMING-17#175 Warning
Non-clocked sequential cell  
The clock pin design_1_i/score_7seg_0/U0/clk_div_inst/counter_reg[30]/C is not reached by a timing clock
Related violations: <none>

TIMING-17#176 Warning
Non-clocked sequential cell  
The clock pin design_1_i/score_7seg_0/U0/clk_div_inst/counter_reg[31]/C is not reached by a timing clock
Related violations: <none>

TIMING-17#177 Warning
Non-clocked sequential cell  
The clock pin design_1_i/score_7seg_0/U0/clk_div_inst/counter_reg[3]/C is not reached by a timing clock
Related violations: <none>

TIMING-17#178 Warning
Non-clocked sequential cell  
The clock pin design_1_i/score_7seg_0/U0/clk_div_inst/counter_reg[4]/C is not reached by a timing clock
Related violations: <none>

TIMING-17#179 Warning
Non-clocked sequential cell  
The clock pin design_1_i/score_7seg_0/U0/clk_div_inst/counter_reg[5]/C is not reached by a timing clock
Related violations: <none>

TIMING-17#180 Warning
Non-clocked sequential cell  
The clock pin design_1_i/score_7seg_0/U0/clk_div_inst/counter_reg[6]/C is not reached by a timing clock
Related violations: <none>

TIMING-17#181 Warning
Non-clocked sequential cell  
The clock pin design_1_i/score_7seg_0/U0/clk_div_inst/counter_reg[7]/C is not reached by a timing clock
Related violations: <none>

TIMING-17#182 Warning
Non-clocked sequential cell  
The clock pin design_1_i/score_7seg_0/U0/clk_div_inst/counter_reg[8]/C is not reached by a timing clock
Related violations: <none>

TIMING-17#183 Warning
Non-clocked sequential cell  
The clock pin design_1_i/score_7seg_0/U0/clk_div_inst/counter_reg[9]/C is not reached by a timing clock
Related violations: <none>

TIMING-17#184 Warning
Non-clocked sequential cell  
The clock pin design_1_i/score_7seg_0/U0/digit_reg[0]/C is not reached by a timing clock
Related violations: <none>

TIMING-17#185 Warning
Non-clocked sequential cell  
The clock pin design_1_i/score_7seg_0/U0/digit_reg[1]/C is not reached by a timing clock
Related violations: <none>

TIMING-17#186 Warning
Non-clocked sequential cell  
The clock pin design_1_i/score_7seg_0/U0/digit_reg[2]/C is not reached by a timing clock
Related violations: <none>

TIMING-17#187 Warning
Non-clocked sequential cell  
The clock pin design_1_i/score_7seg_0/U0/digit_reg[3]/C is not reached by a timing clock
Related violations: <none>

TIMING-17#188 Warning
Non-clocked sequential cell  
The clock pin design_1_i/score_7seg_0/U0/display_counter_reg[0]/C is not reached by a timing clock
Related violations: <none>

TIMING-17#189 Warning
Non-clocked sequential cell  
The clock pin design_1_i/score_7seg_0/U0/display_counter_reg[1]/C is not reached by a timing clock
Related violations: <none>

TIMING-17#190 Warning
Non-clocked sequential cell  
The clock pin design_1_i/vga_controller_0/U0/clk_div_inst/clk_state_reg/C is not reached by a timing clock
Related violations: <none>

TIMING-17#191 Warning
Non-clocked sequential cell  
The clock pin design_1_i/vga_controller_0/U0/clk_div_inst/counter_reg[0]/C is not reached by a timing clock
Related violations: <none>

TIMING-17#192 Warning
Non-clocked sequential cell  
The clock pin design_1_i/vga_controller_0/U0/clk_div_inst/counter_reg[10]/C is not reached by a timing clock
Related violations: <none>

TIMING-17#193 Warning
Non-clocked sequential cell  
The clock pin design_1_i/vga_controller_0/U0/clk_div_inst/counter_reg[11]/C is not reached by a timing clock
Related violations: <none>

TIMING-17#194 Warning
Non-clocked sequential cell  
The clock pin design_1_i/vga_controller_0/U0/clk_div_inst/counter_reg[12]/C is not reached by a timing clock
Related violations: <none>

TIMING-17#195 Warning
Non-clocked sequential cell  
The clock pin design_1_i/vga_controller_0/U0/clk_div_inst/counter_reg[13]/C is not reached by a timing clock
Related violations: <none>

TIMING-17#196 Warning
Non-clocked sequential cell  
The clock pin design_1_i/vga_controller_0/U0/clk_div_inst/counter_reg[14]/C is not reached by a timing clock
Related violations: <none>

TIMING-17#197 Warning
Non-clocked sequential cell  
The clock pin design_1_i/vga_controller_0/U0/clk_div_inst/counter_reg[15]/C is not reached by a timing clock
Related violations: <none>

TIMING-17#198 Warning
Non-clocked sequential cell  
The clock pin design_1_i/vga_controller_0/U0/clk_div_inst/counter_reg[16]/C is not reached by a timing clock
Related violations: <none>

TIMING-17#199 Warning
Non-clocked sequential cell  
The clock pin design_1_i/vga_controller_0/U0/clk_div_inst/counter_reg[17]/C is not reached by a timing clock
Related violations: <none>

TIMING-17#200 Warning
Non-clocked sequential cell  
The clock pin design_1_i/vga_controller_0/U0/clk_div_inst/counter_reg[18]/C is not reached by a timing clock
Related violations: <none>

TIMING-17#201 Warning
Non-clocked sequential cell  
The clock pin design_1_i/vga_controller_0/U0/clk_div_inst/counter_reg[19]/C is not reached by a timing clock
Related violations: <none>

TIMING-17#202 Warning
Non-clocked sequential cell  
The clock pin design_1_i/vga_controller_0/U0/clk_div_inst/counter_reg[1]/C is not reached by a timing clock
Related violations: <none>

TIMING-17#203 Warning
Non-clocked sequential cell  
The clock pin design_1_i/vga_controller_0/U0/clk_div_inst/counter_reg[20]/C is not reached by a timing clock
Related violations: <none>

TIMING-17#204 Warning
Non-clocked sequential cell  
The clock pin design_1_i/vga_controller_0/U0/clk_div_inst/counter_reg[21]/C is not reached by a timing clock
Related violations: <none>

TIMING-17#205 Warning
Non-clocked sequential cell  
The clock pin design_1_i/vga_controller_0/U0/clk_div_inst/counter_reg[22]/C is not reached by a timing clock
Related violations: <none>

TIMING-17#206 Warning
Non-clocked sequential cell  
The clock pin design_1_i/vga_controller_0/U0/clk_div_inst/counter_reg[23]/C is not reached by a timing clock
Related violations: <none>

TIMING-17#207 Warning
Non-clocked sequential cell  
The clock pin design_1_i/vga_controller_0/U0/clk_div_inst/counter_reg[24]/C is not reached by a timing clock
Related violations: <none>

TIMING-17#208 Warning
Non-clocked sequential cell  
The clock pin design_1_i/vga_controller_0/U0/clk_div_inst/counter_reg[25]/C is not reached by a timing clock
Related violations: <none>

TIMING-17#209 Warning
Non-clocked sequential cell  
The clock pin design_1_i/vga_controller_0/U0/clk_div_inst/counter_reg[26]/C is not reached by a timing clock
Related violations: <none>

TIMING-17#210 Warning
Non-clocked sequential cell  
The clock pin design_1_i/vga_controller_0/U0/clk_div_inst/counter_reg[27]/C is not reached by a timing clock
Related violations: <none>

TIMING-17#211 Warning
Non-clocked sequential cell  
The clock pin design_1_i/vga_controller_0/U0/clk_div_inst/counter_reg[28]/C is not reached by a timing clock
Related violations: <none>

TIMING-17#212 Warning
Non-clocked sequential cell  
The clock pin design_1_i/vga_controller_0/U0/clk_div_inst/counter_reg[29]/C is not reached by a timing clock
Related violations: <none>

TIMING-17#213 Warning
Non-clocked sequential cell  
The clock pin design_1_i/vga_controller_0/U0/clk_div_inst/counter_reg[2]/C is not reached by a timing clock
Related violations: <none>

TIMING-17#214 Warning
Non-clocked sequential cell  
The clock pin design_1_i/vga_controller_0/U0/clk_div_inst/counter_reg[30]/C is not reached by a timing clock
Related violations: <none>

TIMING-17#215 Warning
Non-clocked sequential cell  
The clock pin design_1_i/vga_controller_0/U0/clk_div_inst/counter_reg[31]/C is not reached by a timing clock
Related violations: <none>

TIMING-17#216 Warning
Non-clocked sequential cell  
The clock pin design_1_i/vga_controller_0/U0/clk_div_inst/counter_reg[3]/C is not reached by a timing clock
Related violations: <none>

TIMING-17#217 Warning
Non-clocked sequential cell  
The clock pin design_1_i/vga_controller_0/U0/clk_div_inst/counter_reg[4]/C is not reached by a timing clock
Related violations: <none>

TIMING-17#218 Warning
Non-clocked sequential cell  
The clock pin design_1_i/vga_controller_0/U0/clk_div_inst/counter_reg[5]/C is not reached by a timing clock
Related violations: <none>

TIMING-17#219 Warning
Non-clocked sequential cell  
The clock pin design_1_i/vga_controller_0/U0/clk_div_inst/counter_reg[6]/C is not reached by a timing clock
Related violations: <none>

TIMING-17#220 Warning
Non-clocked sequential cell  
The clock pin design_1_i/vga_controller_0/U0/clk_div_inst/counter_reg[7]/C is not reached by a timing clock
Related violations: <none>

TIMING-17#221 Warning
Non-clocked sequential cell  
The clock pin design_1_i/vga_controller_0/U0/clk_div_inst/counter_reg[8]/C is not reached by a timing clock
Related violations: <none>

TIMING-17#222 Warning
Non-clocked sequential cell  
The clock pin design_1_i/vga_controller_0/U0/clk_div_inst/counter_reg[9]/C is not reached by a timing clock
Related violations: <none>

TIMING-17#223 Warning
Non-clocked sequential cell  
The clock pin design_1_i/vga_controller_0/U0/h_count_reg[0]/C is not reached by a timing clock
Related violations: <none>

TIMING-17#224 Warning
Non-clocked sequential cell  
The clock pin design_1_i/vga_controller_0/U0/h_count_reg[1]/C is not reached by a timing clock
Related violations: <none>

TIMING-17#225 Warning
Non-clocked sequential cell  
The clock pin design_1_i/vga_controller_0/U0/h_count_reg[2]/C is not reached by a timing clock
Related violations: <none>

TIMING-17#226 Warning
Non-clocked sequential cell  
The clock pin design_1_i/vga_controller_0/U0/h_count_reg[3]/C is not reached by a timing clock
Related violations: <none>

TIMING-17#227 Warning
Non-clocked sequential cell  
The clock pin design_1_i/vga_controller_0/U0/h_count_reg[4]/C is not reached by a timing clock
Related violations: <none>

TIMING-17#228 Warning
Non-clocked sequential cell  
The clock pin design_1_i/vga_controller_0/U0/h_count_reg[5]/C is not reached by a timing clock
Related violations: <none>

TIMING-17#229 Warning
Non-clocked sequential cell  
The clock pin design_1_i/vga_controller_0/U0/h_count_reg[6]/C is not reached by a timing clock
Related violations: <none>

TIMING-17#230 Warning
Non-clocked sequential cell  
The clock pin design_1_i/vga_controller_0/U0/h_count_reg[7]/C is not reached by a timing clock
Related violations: <none>

TIMING-17#231 Warning
Non-clocked sequential cell  
The clock pin design_1_i/vga_controller_0/U0/h_count_reg[8]/C is not reached by a timing clock
Related violations: <none>

TIMING-17#232 Warning
Non-clocked sequential cell  
The clock pin design_1_i/vga_controller_0/U0/h_count_reg[9]/C is not reached by a timing clock
Related violations: <none>

TIMING-17#233 Warning
Non-clocked sequential cell  
The clock pin design_1_i/vga_controller_0/U0/v_count_reg[0]/C is not reached by a timing clock
Related violations: <none>

TIMING-17#234 Warning
Non-clocked sequential cell  
The clock pin design_1_i/vga_controller_0/U0/v_count_reg[1]/C is not reached by a timing clock
Related violations: <none>

TIMING-17#235 Warning
Non-clocked sequential cell  
The clock pin design_1_i/vga_controller_0/U0/v_count_reg[2]/C is not reached by a timing clock
Related violations: <none>

TIMING-17#236 Warning
Non-clocked sequential cell  
The clock pin design_1_i/vga_controller_0/U0/v_count_reg[3]/C is not reached by a timing clock
Related violations: <none>

TIMING-17#237 Warning
Non-clocked sequential cell  
The clock pin design_1_i/vga_controller_0/U0/v_count_reg[4]/C is not reached by a timing clock
Related violations: <none>

TIMING-17#238 Warning
Non-clocked sequential cell  
The clock pin design_1_i/vga_controller_0/U0/v_count_reg[5]/C is not reached by a timing clock
Related violations: <none>

TIMING-17#239 Warning
Non-clocked sequential cell  
The clock pin design_1_i/vga_controller_0/U0/v_count_reg[6]/C is not reached by a timing clock
Related violations: <none>

TIMING-17#240 Warning
Non-clocked sequential cell  
The clock pin design_1_i/vga_controller_0/U0/v_count_reg[7]/C is not reached by a timing clock
Related violations: <none>

TIMING-17#241 Warning
Non-clocked sequential cell  
The clock pin design_1_i/vga_controller_0/U0/v_count_reg[8]/C is not reached by a timing clock
Related violations: <none>

TIMING-17#242 Warning
Non-clocked sequential cell  
The clock pin design_1_i/vga_controller_0/U0/v_count_reg[9]/C is not reached by a timing clock
Related violations: <none>

TIMING-18#1 Warning
Missing input or output delay  
An input delay is missing on reset_rtl_0_0 relative to clock(s) design_1_i/clk_wiz_0/inst/clk_in1
Related violations: <none>

TIMING-18#2 Warning
Missing input or output delay  
An input delay is missing on uart_rx relative to clock(s) design_1_i/clk_wiz_0/inst/clk_in1
Related violations: <none>

TIMING-18#3 Warning
Missing input or output delay  
An output delay is missing on rgb[0] relative to clock(s) design_1_i/clk_wiz_0/inst/clk_in1
Related violations: <none>

TIMING-18#4 Warning
Missing input or output delay  
An output delay is missing on rgb[1] relative to clock(s) design_1_i/clk_wiz_0/inst/clk_in1
Related violations: <none>

TIMING-18#5 Warning
Missing input or output delay  
An output delay is missing on rgb[2] relative to clock(s) design_1_i/clk_wiz_0/inst/clk_in1
Related violations: <none>

TIMING-18#6 Warning
Missing input or output delay  
An output delay is missing on uart_tx relative to clock(s) design_1_i/clk_wiz_0/inst/clk_in1
Related violations: <none>

TIMING-27#1 Warning
Invalid primary clock on hierarchical pin  
A primary clock design_1_i/clk_wiz_0/inst/clk_in1 is created on an inappropriate internal pin design_1_i/clk_wiz_0/inst/clk_in1. It is not recommended to create a primary clock on a hierarchical pin when its driver pin has a fanout connected to multiple clock pins
Related violations: <none>


