#-----------------------------------------------------------
# Vivado v2018.3 (64-bit)
# SW Build 2405991 on Thu Dec  6 23:38:27 MST 2018
# IP Build 2404404 on Fri Dec  7 01:43:56 MST 2018
# Start of session at: Sat Oct 19 22:40:47 2024
# Process ID: 10444
# Current directory: C:/Users/Ali/Pictures/Xilinx/pong_game/mine_made/input_controller
# Command line: vivado.exe -gui_launcher_event rodinguilauncherevent9112 C:\Users\Ali\Pictures\Xilinx\pong_game\mine_made\input_controller\input_controller.xpr
# Log file: C:/Users/Ali/Pictures/Xilinx/pong_game/mine_made/input_controller/vivado.log
# Journal file: C:/Users/Ali/Pictures/Xilinx/pong_game/mine_made/input_controller\vivado.jou
#-----------------------------------------------------------
start_gui
open_project C:/Users/Ali/Pictures/Xilinx/pong_game/mine_made/input_controller/input_controller.xpr
INFO: [Project 1-313] Project file moved from 'C:/Users/Ali/Pictures/Xilinx/input_controller' since last save.
Scanning sources...
Finished scanning sources
INFO: [IP_Flow 19-234] Refreshing IP repositories
INFO: [IP_Flow 19-1704] No user IP repositories specified
INFO: [IP_Flow 19-2313] Loaded Vivado IP repository 'C:/Xilinx/Vivado/2018.3/data/ip'.
open_project: Time (s): cpu = 00:00:14 ; elapsed = 00:00:06 . Memory (MB): peak = 813.070 ; gain = 118.262
update_compile_order -fileset sources_1
reset_run synth_1
launch_runs impl_1 -to_step write_bitstream -jobs 8
[Sat Oct 19 23:05:06 2024] Launched synth_1...
Run output will be captured here: C:/Users/Ali/Pictures/Xilinx/pong_game/mine_made/input_controller/input_controller.runs/synth_1/runme.log
[Sat Oct 19 23:05:06 2024] Launched impl_1...
Run output will be captured here: C:/Users/Ali/Pictures/Xilinx/pong_game/mine_made/input_controller/input_controller.runs/impl_1/runme.log
open_hw
connect_hw_server
INFO: [Labtools 27-2285] Connecting to hw_server url TCP:localhost:3121
ERROR: [Labtoolstcl 44-494] There is no active target available for server at localhost.
 Targets(s) ", jsn-Basys3-210183A8ACAFA" may be locked by another hw_server.
disconnect_hw_server localhost:3121
connect_hw_server
INFO: [Labtools 27-2285] Connecting to hw_server url TCP:localhost:3121
open_hw_target
INFO: [Labtoolstcl 44-466] Opening hw_target localhost:3121/xilinx_tcf/Digilent/210183A8ACAFA
set_property PROGRAM.FILE {C:/Users/Ali/Pictures/Xilinx/pong_game/mine_made/input_controller/input_controller.runs/impl_1/top_input_controller.bit} [get_hw_devices xc7a35t_0]
current_hw_device [get_hw_devices xc7a35t_0]
refresh_hw_device -update_hw_probes false [lindex [get_hw_devices xc7a35t_0] 0]
INFO: [Labtools 27-1434] Device xc7a35t (JTAG device index = 0) is programmed with a design that has no supported debug core(s) in it.
set_property PROBES.FILE {} [get_hw_devices xc7a35t_0]
set_property FULL_PROBES.FILE {} [get_hw_devices xc7a35t_0]
set_property PROGRAM.FILE {C:/Users/Ali/Pictures/Xilinx/pong_game/mine_made/input_controller/input_controller.runs/impl_1/top_input_controller.bit} [get_hw_devices xc7a35t_0]
program_hw_devices [get_hw_devices xc7a35t_0]
INFO: [Labtools 27-3164] End of startup status: HIGH
refresh_hw_device [lindex [get_hw_devices xc7a35t_0] 0]
INFO: [Labtools 27-1434] Device xc7a35t (JTAG device index = 0) is programmed with a design that has no supported debug core(s) in it.
reset_run synth_1
launch_runs impl_1 -to_step write_bitstream -jobs 8
[Sat Oct 19 23:17:46 2024] Launched synth_1...
Run output will be captured here: C:/Users/Ali/Pictures/Xilinx/pong_game/mine_made/input_controller/input_controller.runs/synth_1/runme.log
[Sat Oct 19 23:17:46 2024] Launched impl_1...
Run output will be captured here: C:/Users/Ali/Pictures/Xilinx/pong_game/mine_made/input_controller/input_controller.runs/impl_1/runme.log
set_property PROBES.FILE {} [get_hw_devices xc7a35t_0]
set_property FULL_PROBES.FILE {} [get_hw_devices xc7a35t_0]
set_property PROGRAM.FILE {C:/Users/Ali/Pictures/Xilinx/pong_game/mine_made/input_controller/input_controller.runs/impl_1/top_input_controller.bit} [get_hw_devices xc7a35t_0]
program_hw_devices [get_hw_devices xc7a35t_0]
INFO: [Labtools 27-3164] End of startup status: HIGH
refresh_hw_device [lindex [get_hw_devices xc7a35t_0] 0]
INFO: [Labtools 27-1434] Device xc7a35t (JTAG device index = 0) is programmed with a design that has no supported debug core(s) in it.
reset_run synth_1
launch_runs impl_1 -to_step write_bitstream -jobs 8
[Sat Oct 19 23:20:55 2024] Launched synth_1...
Run output will be captured here: C:/Users/Ali/Pictures/Xilinx/pong_game/mine_made/input_controller/input_controller.runs/synth_1/runme.log
[Sat Oct 19 23:20:55 2024] Launched impl_1...
Run output will be captured here: C:/Users/Ali/Pictures/Xilinx/pong_game/mine_made/input_controller/input_controller.runs/impl_1/runme.log
reset_run synth_1
launch_runs impl_1 -to_step write_bitstream -jobs 8
[Sat Oct 19 23:22:53 2024] Launched synth_1...
Run output will be captured here: C:/Users/Ali/Pictures/Xilinx/pong_game/mine_made/input_controller/input_controller.runs/synth_1/runme.log
[Sat Oct 19 23:22:53 2024] Launched impl_1...
Run output will be captured here: C:/Users/Ali/Pictures/Xilinx/pong_game/mine_made/input_controller/input_controller.runs/impl_1/runme.log
set_property PROBES.FILE {} [get_hw_devices xc7a35t_0]
set_property FULL_PROBES.FILE {} [get_hw_devices xc7a35t_0]
set_property PROGRAM.FILE {C:/Users/Ali/Pictures/Xilinx/pong_game/mine_made/input_controller/input_controller.runs/impl_1/top_input_controller.bit} [get_hw_devices xc7a35t_0]
program_hw_devices [get_hw_devices xc7a35t_0]
INFO: [Labtools 27-3164] End of startup status: HIGH
refresh_hw_device [lindex [get_hw_devices xc7a35t_0] 0]
INFO: [Labtools 27-1434] Device xc7a35t (JTAG device index = 0) is programmed with a design that has no supported debug core(s) in it.
reset_run synth_1
launch_runs impl_1 -to_step write_bitstream -jobs 8
[Sat Oct 19 23:26:11 2024] Launched synth_1...
Run output will be captured here: C:/Users/Ali/Pictures/Xilinx/pong_game/mine_made/input_controller/input_controller.runs/synth_1/runme.log
[Sat Oct 19 23:26:11 2024] Launched impl_1...
Run output will be captured here: C:/Users/Ali/Pictures/Xilinx/pong_game/mine_made/input_controller/input_controller.runs/impl_1/runme.log
set_property PROBES.FILE {} [get_hw_devices xc7a35t_0]
set_property FULL_PROBES.FILE {} [get_hw_devices xc7a35t_0]
set_property PROGRAM.FILE {C:/Users/Ali/Pictures/Xilinx/pong_game/mine_made/input_controller/input_controller.runs/impl_1/top_input_controller.bit} [get_hw_devices xc7a35t_0]
program_hw_devices [get_hw_devices xc7a35t_0]
INFO: [Labtools 27-3164] End of startup status: HIGH
refresh_hw_device [lindex [get_hw_devices xc7a35t_0] 0]
INFO: [Labtools 27-1434] Device xc7a35t (JTAG device index = 0) is programmed with a design that has no supported debug core(s) in it.
reset_run synth_1
launch_runs impl_1 -to_step write_bitstream -jobs 8
[Sat Oct 19 23:29:39 2024] Launched synth_1...
Run output will be captured here: C:/Users/Ali/Pictures/Xilinx/pong_game/mine_made/input_controller/input_controller.runs/synth_1/runme.log
[Sat Oct 19 23:29:39 2024] Launched impl_1...
Run output will be captured here: C:/Users/Ali/Pictures/Xilinx/pong_game/mine_made/input_controller/input_controller.runs/impl_1/runme.log
set_property PROBES.FILE {} [get_hw_devices xc7a35t_0]
set_property FULL_PROBES.FILE {} [get_hw_devices xc7a35t_0]
set_property PROGRAM.FILE {C:/Users/Ali/Pictures/Xilinx/pong_game/mine_made/input_controller/input_controller.runs/impl_1/top_input_controller.bit} [get_hw_devices xc7a35t_0]
program_hw_devices [get_hw_devices xc7a35t_0]
INFO: [Labtools 27-3164] End of startup status: HIGH
refresh_hw_device [lindex [get_hw_devices xc7a35t_0] 0]
INFO: [Labtools 27-1434] Device xc7a35t (JTAG device index = 0) is programmed with a design that has no supported debug core(s) in it.
exit
INFO: [Common 17-206] Exiting Vivado at Sun Oct 20 00:01:16 2024...
