#-----------------------------------------------------------
# Vivado v2018.3 (64-bit)
# SW Build 2405991 on Thu Dec  6 23:38:27 MST 2018
# IP Build 2404404 on Fri Dec  7 01:43:56 MST 2018
# Start of session at: Mon Oct 21 15:11:46 2024
# Process ID: 15164
# Current directory: C:/Users/Ali/Pictures/Xilinx/pong_game/mine_made/input_controller
# Command line: vivado.exe -gui_launcher_event rodinguilauncherevent8808 C:\Users\Ali\Pictures\Xilinx\pong_game\mine_made\input_controller\input_controller.xpr
# Log file: C:/Users/Ali/Pictures/Xilinx/pong_game/mine_made/input_controller/vivado.log
# Journal file: C:/Users/Ali/Pictures/Xilinx/pong_game/mine_made/input_controller\vivado.jou
#-----------------------------------------------------------
start_gui
open_project C:/Users/Ali/Pictures/Xilinx/pong_game/mine_made/input_controller/input_controller.xpr
Scanning sources...
Finished scanning sources
INFO: [IP_Flow 19-234] Refreshing IP repositories
INFO: [IP_Flow 19-1704] No user IP repositories specified
INFO: [IP_Flow 19-2313] Loaded Vivado IP repository 'C:/Xilinx/Vivado/2018.3/data/ip'.
open_project: Time (s): cpu = 00:00:16 ; elapsed = 00:00:06 . Memory (MB): peak = 823.629 ; gain = 154.031
update_compile_order -fileset sources_1
reset_run synth_1
launch_runs impl_1 -to_step write_bitstream -jobs 8
[Mon Oct 21 15:19:27 2024] Launched synth_1...
Run output will be captured here: C:/Users/Ali/Pictures/Xilinx/pong_game/mine_made/input_controller/input_controller.runs/synth_1/runme.log
[Mon Oct 21 15:19:27 2024] Launched impl_1...
Run output will be captured here: C:/Users/Ali/Pictures/Xilinx/pong_game/mine_made/input_controller/input_controller.runs/impl_1/runme.log
reset_run synth_1
launch_runs impl_1 -to_step write_bitstream -jobs 8
[Mon Oct 21 15:21:16 2024] Launched synth_1...
Run output will be captured here: C:/Users/Ali/Pictures/Xilinx/pong_game/mine_made/input_controller/input_controller.runs/synth_1/runme.log
[Mon Oct 21 15:21:16 2024] Launched impl_1...
Run output will be captured here: C:/Users/Ali/Pictures/Xilinx/pong_game/mine_made/input_controller/input_controller.runs/impl_1/runme.log
exit
INFO: [Common 17-206] Exiting Vivado at Mon Oct 21 15:24:40 2024...
