#-----------------------------------------------------------
# Vivado v2018.3 (64-bit)
# SW Build 2405991 on Thu Dec  6 23:38:27 MST 2018
# IP Build 2404404 on Fri Dec  7 01:43:56 MST 2018
# Start of session at: Sun Oct 20 13:13:09 2024
# Process ID: 3312
# Current directory: C:/Users/Ali/Pictures/Xilinx/pong_game/mine_made/VGA
# Command line: vivado.exe -gui_launcher_event rodinguilauncherevent7728 C:\Users\Ali\Pictures\Xilinx\pong_game\mine_made\VGA\VGA.xpr
# Log file: C:/Users/Ali/Pictures/Xilinx/pong_game/mine_made/VGA/vivado.log
# Journal file: C:/Users/Ali/Pictures/Xilinx/pong_game/mine_made/VGA\vivado.jou
#-----------------------------------------------------------
start_gui
open_project C:/Users/Ali/Pictures/Xilinx/pong_game/mine_made/VGA/VGA.xpr
Scanning sources...
Finished scanning sources
INFO: [IP_Flow 19-234] Refreshing IP repositories
INFO: [IP_Flow 19-1704] No user IP repositories specified
INFO: [IP_Flow 19-2313] Loaded Vivado IP repository 'C:/Xilinx/Vivado/2018.3/data/ip'.
open_project: Time (s): cpu = 00:00:13 ; elapsed = 00:00:06 . Memory (MB): peak = 823.242 ; gain = 158.781
update_compile_order -fileset sources_1
exit
INFO: [Common 17-206] Exiting Vivado at Sun Oct 20 13:19:45 2024...
